running develop
running egg_info
creating robot_project.egg-info
writing robot_project.egg-info/PKG-INFO
writing dependency_links to robot_project.egg-info/dependency_links.txt
writing entry points to robot_project.egg-info/entry_points.txt
writing requirements to robot_project.egg-info/requires.txt
writing top-level names to robot_project.egg-info/top_level.txt
writing manifest file 'robot_project.egg-info/SOURCES.txt'
reading manifest file 'robot_project.egg-info/SOURCES.txt'
writing manifest file 'robot_project.egg-info/SOURCES.txt'
running build_ext
Creating /home/rocotics/ros2_ws/src/robot_project/install/robot_project/lib/python3.8/site-packages/site.py
Creating /home/rocotics/ros2_ws/src/robot_project/install/robot_project/lib/python3.8/site-packages/robot-project.egg-link (link to .)
Installing img_processor script to /home/rocotics/ros2_ws/src/robot_project/install/robot_project/lib/robot_project

Installed /home/rocotics/ros2_ws/src/robot_project/build/robot_project
running install_data
creating /home/rocotics/ros2_ws/src/robot_project/install/robot_project/share/ament_index
creating /home/rocotics/ros2_ws/src/robot_project/install/robot_project/share/ament_index/resource_index
creating /home/rocotics/ros2_ws/src/robot_project/install/robot_project/share/ament_index/resource_index/packages
copying resource/robot_project -> /home/rocotics/ros2_ws/src/robot_project/install/robot_project/share/ament_index/resource_index/packages
copying package.xml -> /home/rocotics/ros2_ws/src/robot_project/install/robot_project/share/robot_project
