[1.660s] Invoking command in '/home/rocotics/ros2_ws/src/robot_project/build/robot_project': PYTHONPATH=/home/rocotics/ros2_ws/src/robot_project/build/robot_project/prefix_override:/home/rocotics/ros2_ws/src/robot_project/install/robot_project/lib/python3.8/site-packages:${PYTHONPATH} /usr/bin/python3 setup.py develop --editable --build-directory /home/rocotics/ros2_ws/src/robot_project/build/robot_project/build --no-deps install_data
[2.209s] running develop
[2.587s] running egg_info
[2.588s] creating robot_project.egg-info
[2.588s] writing robot_project.egg-info/PKG-INFO
[2.588s] writing dependency_links to robot_project.egg-info/dependency_links.txt
[2.588s] writing entry points to robot_project.egg-info/entry_points.txt
[2.588s] writing requirements to robot_project.egg-info/requires.txt
[2.588s] writing top-level names to robot_project.egg-info/top_level.txt
[2.598s] writing manifest file 'robot_project.egg-info/SOURCES.txt'
[2.654s] reading manifest file 'robot_project.egg-info/SOURCES.txt'
[2.655s] writing manifest file 'robot_project.egg-info/SOURCES.txt'
[2.725s] running build_ext
[2.735s] Creating /home/rocotics/ros2_ws/src/robot_project/install/robot_project/lib/python3.8/site-packages/site.py
[2.738s] Creating /home/rocotics/ros2_ws/src/robot_project/install/robot_project/lib/python3.8/site-packages/robot-project.egg-link (link to .)
[2.739s] Installing img_processor script to /home/rocotics/ros2_ws/src/robot_project/install/robot_project/lib/robot_project
[2.740s] 
[2.740s] Installed /home/rocotics/ros2_ws/src/robot_project/build/robot_project
[2.741s] running install_data
[2.741s] creating /home/rocotics/ros2_ws/src/robot_project/install/robot_project/share/ament_index
[2.741s] creating /home/rocotics/ros2_ws/src/robot_project/install/robot_project/share/ament_index/resource_index
[2.742s] creating /home/rocotics/ros2_ws/src/robot_project/install/robot_project/share/ament_index/resource_index/packages
[2.743s] copying resource/robot_project -> /home/rocotics/ros2_ws/src/robot_project/install/robot_project/share/ament_index/resource_index/packages
[2.743s] copying package.xml -> /home/rocotics/ros2_ws/src/robot_project/install/robot_project/share/robot_project
[2.815s] Invoked command in '/home/rocotics/ros2_ws/src/robot_project/build/robot_project' returned '0': PYTHONPATH=/home/rocotics/ros2_ws/src/robot_project/build/robot_project/prefix_override:/home/rocotics/ros2_ws/src/robot_project/install/robot_project/lib/python3.8/site-packages:${PYTHONPATH} /usr/bin/python3 setup.py develop --editable --build-directory /home/rocotics/ros2_ws/src/robot_project/build/robot_project/build --no-deps install_data
