[0.686s] Invoking command in '/home/rocotics/ros2_ws/src/robot_project/build/robot_project': PYTHONPATH=/home/rocotics/ros2_ws/src/robot_project/build/robot_project/prefix_override:/home/rocotics/ros2_ws/src/robot_project/install/robot_project/lib/python3.8/site-packages:${PYTHONPATH} /usr/bin/python3 setup.py develop --editable --build-directory /home/rocotics/ros2_ws/src/robot_project/build/robot_project/build --no-deps install_data
[0.894s] running develop
[1.026s] running egg_info
[1.026s] creating robot_project.egg-info
[1.027s] writing robot_project.egg-info/PKG-INFO
[1.028s] writing dependency_links to robot_project.egg-info/dependency_links.txt
[1.028s] writing entry points to robot_project.egg-info/entry_points.txt
[1.029s] writing requirements to robot_project.egg-info/requires.txt
[1.029s] writing top-level names to robot_project.egg-info/top_level.txt
[1.031s] writing manifest file 'robot_project.egg-info/SOURCES.txt'
[1.054s] reading manifest file 'robot_project.egg-info/SOURCES.txt'
[1.055s] writing manifest file 'robot_project.egg-info/SOURCES.txt'
[1.081s] running build_ext
[1.081s] Creating /home/rocotics/ros2_ws/src/robot_project/install/robot_project/lib/python3.8/site-packages/site.py
[1.083s] Creating /home/rocotics/ros2_ws/src/robot_project/install/robot_project/lib/python3.8/site-packages/robot-project.egg-link (link to .)
[1.083s] Installing img_processor script to /home/rocotics/ros2_ws/src/robot_project/install/robot_project/lib/robot_project
[1.084s] Installing robot_visualizer script to /home/rocotics/ros2_ws/src/robot_project/install/robot_project/lib/robot_project
[1.084s] Installing send_single_joint_command script to /home/rocotics/ros2_ws/src/robot_project/install/robot_project/lib/robot_project
[1.084s] 
[1.084s] Installed /home/rocotics/ros2_ws/src/robot_project/build/robot_project
[1.084s] running install_data
[1.084s] creating /home/rocotics/ros2_ws/src/robot_project/install/robot_project/share/ament_index
[1.085s] creating /home/rocotics/ros2_ws/src/robot_project/install/robot_project/share/ament_index/resource_index
[1.085s] creating /home/rocotics/ros2_ws/src/robot_project/install/robot_project/share/ament_index/resource_index/packages
[1.085s] copying resource/robot_project -> /home/rocotics/ros2_ws/src/robot_project/install/robot_project/share/ament_index/resource_index/packages
[1.085s] copying package.xml -> /home/rocotics/ros2_ws/src/robot_project/install/robot_project/share/robot_project
[1.085s] creating /home/rocotics/ros2_ws/src/robot_project/install/robot_project/share/robot_project/launch
[1.085s] copying launch/robot_arm.launch.py -> /home/rocotics/ros2_ws/src/robot_project/install/robot_project/share/robot_project/launch
[1.086s] creating /home/rocotics/ros2_ws/src/robot_project/install/robot_project/share/robot_project/urdf
[1.086s] copying urdf/robot_arm.xacro -> /home/rocotics/ros2_ws/src/robot_project/install/robot_project/share/robot_project/urdf
[1.095s] creating /home/rocotics/ros2_ws/src/robot_project/install/robot_project/share/robot_project/config
[1.095s] copying config/gazebo_config.yaml -> /home/rocotics/ros2_ws/src/robot_project/install/robot_project/share/robot_project/config
[1.123s] Invoked command in '/home/rocotics/ros2_ws/src/robot_project/build/robot_project' returned '0': PYTHONPATH=/home/rocotics/ros2_ws/src/robot_project/build/robot_project/prefix_override:/home/rocotics/ros2_ws/src/robot_project/install/robot_project/lib/python3.8/site-packages:${PYTHONPATH} /usr/bin/python3 setup.py develop --editable --build-directory /home/rocotics/ros2_ws/src/robot_project/build/robot_project/build --no-deps install_data
