[0.279s] DEBUG:colcon:Command line arguments: ['/usr/bin/colcon', 'build', '--symlink-install']
[0.279s] DEBUG:colcon:Parsed command line arguments: Namespace(allow_overriding=[], ament_cmake_args=None, base_paths=['.'], build_base='build', catkin_cmake_args=None, catkin_skip_building_tests=False, cmake_args=None, cmake_clean_cache=False, cmake_clean_first=False, cmake_force_configure=False, cmake_target=None, cmake_target_skip_unavailable=False, continue_on_error=False, event_handlers=None, executor='parallel', ignore_user_meta=False, install_base='install', log_base=None, log_level=None, main=<bound method BuildVerb.main of <colcon_core.verb.build.BuildVerb object at 0x7f1be4ecac10>>, merge_install=False, metas=['./colcon.meta'], packages_above=None, packages_above_and_dependencies=None, packages_above_depth=None, packages_end=None, packages_ignore=None, packages_ignore_regex=None, packages_select=None, packages_select_build_failed=False, packages_select_by_dep=None, packages_select_regex=None, packages_select_test_failures=False, packages_skip=None, packages_skip_build_finished=False, packages_skip_by_dep=None, packages_skip_regex=None, packages_skip_test_passed=False, packages_skip_up_to=None, packages_start=None, packages_up_to=None, packages_up_to_regex=None, parallel_workers=2, paths=None, symlink_install=True, test_result_base=None, verb_extension=<colcon_core.verb.build.BuildVerb object at 0x7f1be4ecac10>, verb_name='build', verb_parser=<colcon_defaults.argument_parser.defaults.DefaultArgumentsDecorator object at 0x7f1be4edd1c0>)
[0.309s] Level 1:colcon.colcon_core.package_discovery:discover_packages(colcon_meta) check parameters
[0.309s] Level 1:colcon.colcon_core.package_discovery:discover_packages(recursive) check parameters
[0.309s] Level 1:colcon.colcon_core.package_discovery:discover_packages(ignore) check parameters
[0.309s] Level 1:colcon.colcon_core.package_discovery:discover_packages(path) check parameters
[0.309s] Level 1:colcon.colcon_core.package_discovery:discover_packages(colcon_meta) discover
[0.309s] Level 1:colcon.colcon_core.package_discovery:discover_packages(recursive) discover
[0.309s] INFO:colcon.colcon_core.package_discovery:Crawling recursively for packages in '/home/rocotics/ros2_ws/src/robot_project'
[0.309s] Level 1:colcon.colcon_core.package_identification:_identify(.) by extensions ['ignore', 'ignore_ament_install']
[0.309s] Level 1:colcon.colcon_core.package_identification:_identify(.) by extension 'ignore'
[0.309s] Level 1:colcon.colcon_core.package_identification:_identify(.) by extension 'ignore_ament_install'
[0.310s] Level 1:colcon.colcon_core.package_identification:_identify(.) by extensions ['colcon_pkg']
[0.310s] Level 1:colcon.colcon_core.package_identification:_identify(.) by extension 'colcon_pkg'
[0.310s] Level 1:colcon.colcon_core.package_identification:_identify(.) by extensions ['colcon_meta']
[0.310s] Level 1:colcon.colcon_core.package_identification:_identify(.) by extension 'colcon_meta'
[0.310s] Level 1:colcon.colcon_core.package_identification:_identify(.) by extensions ['ros']
[0.310s] Level 1:colcon.colcon_core.package_identification:_identify(.) by extension 'ros'
[0.321s] DEBUG:colcon.colcon_core.package_identification:Package '.' with type 'ros.ament_python' and name 'robot_project'
[0.321s] Level 1:colcon.colcon_core.package_discovery:discover_packages(recursive) using defaults
[0.321s] Level 1:colcon.colcon_core.package_discovery:discover_packages(ignore) discover
[0.321s] Level 1:colcon.colcon_core.package_discovery:discover_packages(ignore) using defaults
[0.321s] Level 1:colcon.colcon_core.package_discovery:discover_packages(path) discover
[0.321s] Level 1:colcon.colcon_core.package_discovery:discover_packages(path) using defaults
[0.340s] Level 1:colcon.colcon_core.package_discovery:discover_packages(prefix_path) check parameters
[0.340s] Level 1:colcon.colcon_core.package_discovery:discover_packages(prefix_path) discover
[0.344s] DEBUG:colcon.colcon_installed_package_information.package_discovery:Found 15 installed packages in /home/rocotics/ros2_ws/install
[0.346s] DEBUG:colcon.colcon_installed_package_information.package_discovery:Found 391 installed packages in /opt/ros/foxy
[0.348s] Level 1:colcon.colcon_core.package_discovery:discover_packages(prefix_path) using defaults
[0.411s] Level 5:colcon.colcon_core.verb:set package 'robot_project' build argument 'cmake_args' from command line to 'None'
[0.411s] Level 5:colcon.colcon_core.verb:set package 'robot_project' build argument 'cmake_target' from command line to 'None'
[0.411s] Level 5:colcon.colcon_core.verb:set package 'robot_project' build argument 'cmake_target_skip_unavailable' from command line to 'False'
[0.411s] Level 5:colcon.colcon_core.verb:set package 'robot_project' build argument 'cmake_clean_cache' from command line to 'False'
[0.411s] Level 5:colcon.colcon_core.verb:set package 'robot_project' build argument 'cmake_clean_first' from command line to 'False'
[0.411s] Level 5:colcon.colcon_core.verb:set package 'robot_project' build argument 'cmake_force_configure' from command line to 'False'
[0.411s] Level 5:colcon.colcon_core.verb:set package 'robot_project' build argument 'ament_cmake_args' from command line to 'None'
[0.411s] Level 5:colcon.colcon_core.verb:set package 'robot_project' build argument 'catkin_cmake_args' from command line to 'None'
[0.411s] Level 5:colcon.colcon_core.verb:set package 'robot_project' build argument 'catkin_skip_building_tests' from command line to 'False'
[0.411s] DEBUG:colcon.colcon_core.verb:Building package 'robot_project' with the following arguments: {'ament_cmake_args': None, 'build_base': '/home/rocotics/ros2_ws/src/robot_project/build/robot_project', 'catkin_cmake_args': None, 'catkin_skip_building_tests': False, 'cmake_args': None, 'cmake_clean_cache': False, 'cmake_clean_first': False, 'cmake_force_configure': False, 'cmake_target': None, 'cmake_target_skip_unavailable': False, 'install_base': '/home/rocotics/ros2_ws/src/robot_project/install/robot_project', 'merge_install': False, 'path': '/home/rocotics/ros2_ws/src/robot_project', 'symlink_install': True, 'test_result_base': None}
[0.412s] INFO:colcon.colcon_core.executor:Executing jobs using 'parallel' executor
[0.416s] DEBUG:colcon.colcon_parallel_executor.executor.parallel:run_until_complete
[0.416s] INFO:colcon.colcon_ros.task.ament_python.build:Building ROS package in '/home/rocotics/ros2_ws/src/robot_project' with build type 'ament_python'
[0.417s] Level 1:colcon.colcon_core.shell:create_environment_hook('robot_project', 'ament_prefix_path')
[0.421s] INFO:colcon.colcon_core.plugin_system:Skipping extension 'colcon_core.shell.bat': Not used on non-Windows systems
[0.422s] INFO:colcon.colcon_core.shell:Creating environment hook '/home/rocotics/ros2_ws/src/robot_project/install/robot_project/share/robot_project/hook/ament_prefix_path.ps1'
[0.422s] INFO:colcon.colcon_core.shell:Creating environment descriptor '/home/rocotics/ros2_ws/src/robot_project/install/robot_project/share/robot_project/hook/ament_prefix_path.dsv'
[0.423s] INFO:colcon.colcon_core.shell:Creating environment hook '/home/rocotics/ros2_ws/src/robot_project/install/robot_project/share/robot_project/hook/ament_prefix_path.sh'
[0.426s] INFO:colcon.colcon_core.shell:Skip shell extension 'powershell' for command environment: Not usable outside of PowerShell
[0.426s] DEBUG:colcon.colcon_core.shell:Skip shell extension 'dsv' for command environment
[0.659s] INFO:colcon.colcon_core.task.python.build:Building Python package in '/home/rocotics/ros2_ws/src/robot_project'
[0.662s] INFO:colcon.colcon_core.shell:Skip shell extension 'powershell' for command environment: Not usable outside of PowerShell
[0.662s] DEBUG:colcon.colcon_core.shell:Skip shell extension 'dsv' for command environment
[1.102s] DEBUG:colcon.colcon_core.event_handler.log_command:Invoking command in '/home/rocotics/ros2_ws/src/robot_project/build/robot_project': PYTHONPATH=/home/rocotics/ros2_ws/src/robot_project/build/robot_project/prefix_override:/home/rocotics/ros2_ws/src/robot_project/install/robot_project/lib/python3.8/site-packages:${PYTHONPATH} /usr/bin/python3 setup.py develop --editable --build-directory /home/rocotics/ros2_ws/src/robot_project/build/robot_project/build --no-deps install_data
[1.535s] Level 1:colcon.colcon_core.shell:create_environment_hook('robot_project', 'pythonpath_develop')
[1.537s] INFO:colcon.colcon_core.shell:Creating environment hook '/home/rocotics/ros2_ws/src/robot_project/build/robot_project/share/robot_project/hook/pythonpath_develop.ps1'
[1.538s] INFO:colcon.colcon_core.shell:Creating environment descriptor '/home/rocotics/ros2_ws/src/robot_project/build/robot_project/share/robot_project/hook/pythonpath_develop.dsv'
[1.539s] INFO:colcon.colcon_core.shell:Creating environment hook '/home/rocotics/ros2_ws/src/robot_project/build/robot_project/share/robot_project/hook/pythonpath_develop.sh'
[1.539s] DEBUG:colcon.colcon_core.event_handler.log_command:Invoked command in '/home/rocotics/ros2_ws/src/robot_project/build/robot_project' returned '0': PYTHONPATH=/home/rocotics/ros2_ws/src/robot_project/build/robot_project/prefix_override:/home/rocotics/ros2_ws/src/robot_project/install/robot_project/lib/python3.8/site-packages:${PYTHONPATH} /usr/bin/python3 setup.py develop --editable --build-directory /home/rocotics/ros2_ws/src/robot_project/build/robot_project/build --no-deps install_data
[1.546s] Level 1:colcon.colcon_core.environment:checking '/home/rocotics/ros2_ws/src/robot_project/install/robot_project' for CMake module files
[1.547s] Level 1:colcon.colcon_core.environment:checking '/home/rocotics/ros2_ws/src/robot_project/install/robot_project' for CMake config files
[1.548s] Level 1:colcon.colcon_core.environment:checking '/home/rocotics/ros2_ws/src/robot_project/install/robot_project/lib'
[1.548s] Level 1:colcon.colcon_core.environment:checking '/home/rocotics/ros2_ws/src/robot_project/install/robot_project/bin'
[1.548s] Level 1:colcon.colcon_core.environment:checking '/home/rocotics/ros2_ws/src/robot_project/install/robot_project/lib/pkgconfig/robot_project.pc'
[1.548s] Level 1:colcon.colcon_core.environment:checking '/home/rocotics/ros2_ws/src/robot_project/install/robot_project/lib/python3.8/site-packages'
[1.548s] Level 1:colcon.colcon_core.shell:create_environment_hook('robot_project', 'pythonpath')
[1.550s] INFO:colcon.colcon_core.shell:Creating environment hook '/home/rocotics/ros2_ws/src/robot_project/install/robot_project/share/robot_project/hook/pythonpath.ps1'
[1.551s] INFO:colcon.colcon_core.shell:Creating environment descriptor '/home/rocotics/ros2_ws/src/robot_project/install/robot_project/share/robot_project/hook/pythonpath.dsv'
[1.551s] INFO:colcon.colcon_core.shell:Creating environment hook '/home/rocotics/ros2_ws/src/robot_project/install/robot_project/share/robot_project/hook/pythonpath.sh'
[1.551s] Level 1:colcon.colcon_core.environment:checking '/home/rocotics/ros2_ws/src/robot_project/install/robot_project/bin'
[1.551s] Level 1:colcon.colcon_core.environment:create_environment_scripts_only(robot_project)
[1.554s] INFO:colcon.colcon_core.shell:Creating package script '/home/rocotics/ros2_ws/src/robot_project/install/robot_project/share/robot_project/package.ps1'
[1.555s] INFO:colcon.colcon_core.shell:Creating package descriptor '/home/rocotics/ros2_ws/src/robot_project/install/robot_project/share/robot_project/package.dsv'
[1.555s] INFO:colcon.colcon_core.shell:Creating package script '/home/rocotics/ros2_ws/src/robot_project/install/robot_project/share/robot_project/package.sh'
[1.556s] INFO:colcon.colcon_core.shell:Creating package script '/home/rocotics/ros2_ws/src/robot_project/install/robot_project/share/robot_project/package.bash'
[1.557s] INFO:colcon.colcon_core.shell:Creating package script '/home/rocotics/ros2_ws/src/robot_project/install/robot_project/share/robot_project/package.zsh'
[1.557s] Level 1:colcon.colcon_core.environment:create_file_with_runtime_dependencies(/home/rocotics/ros2_ws/src/robot_project/install/robot_project/share/colcon-core/packages/robot_project)
[1.557s] DEBUG:colcon.colcon_parallel_executor.executor.parallel:closing loop
[1.558s] DEBUG:colcon.colcon_parallel_executor.executor.parallel:loop closed
[1.558s] DEBUG:colcon.colcon_parallel_executor.executor.parallel:run_until_complete finished with '0'
[1.558s] DEBUG:colcon.colcon_core.event_reactor:joining thread
[1.563s] INFO:colcon.colcon_core.plugin_system:Skipping extension 'colcon_notification.desktop_notification.terminal_notifier': Not used on non-Darwin systems
[1.563s] INFO:colcon.colcon_core.plugin_system:Skipping extension 'colcon_notification.desktop_notification.win32': Not used on non-Windows systems
[1.564s] INFO:colcon.colcon_notification.desktop_notification:Sending desktop notification using 'notify2'
[1.581s] DEBUG:colcon.colcon_core.event_reactor:joined thread
[1.583s] INFO:colcon.colcon_core.shell:Creating prefix script '/home/rocotics/ros2_ws/src/robot_project/install/local_setup.ps1'
[1.584s] INFO:colcon.colcon_core.shell:Creating prefix util module '/home/rocotics/ros2_ws/src/robot_project/install/_local_setup_util_ps1.py'
[1.584s] INFO:colcon.colcon_core.shell:Creating prefix chain script '/home/rocotics/ros2_ws/src/robot_project/install/setup.ps1'
[1.587s] INFO:colcon.colcon_core.shell:Creating prefix script '/home/rocotics/ros2_ws/src/robot_project/install/local_setup.sh'
[1.588s] INFO:colcon.colcon_core.shell:Creating prefix util module '/home/rocotics/ros2_ws/src/robot_project/install/_local_setup_util_sh.py'
[1.588s] INFO:colcon.colcon_core.shell:Creating prefix chain script '/home/rocotics/ros2_ws/src/robot_project/install/setup.sh'
[1.592s] INFO:colcon.colcon_core.shell:Creating prefix script '/home/rocotics/ros2_ws/src/robot_project/install/local_setup.bash'
[1.593s] INFO:colcon.colcon_core.shell:Creating prefix chain script '/home/rocotics/ros2_ws/src/robot_project/install/setup.bash'
[1.596s] INFO:colcon.colcon_core.shell:Creating prefix script '/home/rocotics/ros2_ws/src/robot_project/install/local_setup.zsh'
[1.597s] INFO:colcon.colcon_core.shell:Creating prefix chain script '/home/rocotics/ros2_ws/src/robot_project/install/setup.zsh'
