[0.723s] Invoking command in '/home/rocotics/ros2_ws/src/robot_project/build/robot_project': PYTHONPATH=/home/rocotics/ros2_ws/src/robot_project/build/robot_project/prefix_override:/home/rocotics/ros2_ws/src/robot_project/install/robot_project/lib/python3.8/site-packages:${PYTHONPATH} /usr/bin/python3 setup.py develop --uninstall --editable --build-directory /home/rocotics/ros2_ws/src/robot_project/build/robot_project/build
[0.915s] running develop
[1.054s] Removing /home/rocotics/ros2_ws/src/robot_project/install/robot_project/lib/python3.8/site-packages/robot-project.egg-link (link to .)
[1.076s] Invoked command in '/home/rocotics/ros2_ws/src/robot_project/build/robot_project' returned '0': PYTHONPATH=/home/rocotics/ros2_ws/src/robot_project/build/robot_project/prefix_override:/home/rocotics/ros2_ws/src/robot_project/install/robot_project/lib/python3.8/site-packages:${PYTHONPATH} /usr/bin/python3 setup.py develop --uninstall --editable --build-directory /home/rocotics/ros2_ws/src/robot_project/build/robot_project/build
[1.079s] Invoking command in '/home/rocotics/ros2_ws/src/robot_project': PYTHONPATH=/home/rocotics/ros2_ws/src/robot_project/build/robot_project/prefix_override:/home/rocotics/ros2_ws/src/robot_project/install/robot_project/lib/python3.8/site-packages:${PYTHONPATH} /usr/bin/python3 setup.py egg_info --egg-base build/robot_project build --build-base /home/rocotics/ros2_ws/src/robot_project/build/robot_project/build install --record /home/rocotics/ros2_ws/src/robot_project/build/robot_project/install.log --install-scripts $base/lib/robot_project --single-version-externally-managed
[1.283s] running egg_info
[1.284s] writing build/robot_project/robot_project.egg-info/PKG-INFO
[1.285s] writing dependency_links to build/robot_project/robot_project.egg-info/dependency_links.txt
[1.285s] writing entry points to build/robot_project/robot_project.egg-info/entry_points.txt
[1.286s] writing requirements to build/robot_project/robot_project.egg-info/requires.txt
[1.286s] writing top-level names to build/robot_project/robot_project.egg-info/top_level.txt
[1.324s] reading manifest file 'build/robot_project/robot_project.egg-info/SOURCES.txt'
[1.324s] writing manifest file 'build/robot_project/robot_project.egg-info/SOURCES.txt'
[1.325s] running build
[1.325s] running build_py
[1.325s] creating /home/rocotics/ros2_ws/src/robot_project/build/robot_project/build
[1.325s] creating /home/rocotics/ros2_ws/src/robot_project/build/robot_project/build/lib
[1.326s] creating /home/rocotics/ros2_ws/src/robot_project/build/robot_project/build/lib/robot_project
[1.326s] copying robot_project/send_single_joint_command.py -> /home/rocotics/ros2_ws/src/robot_project/build/robot_project/build/lib/robot_project
[1.326s] copying robot_project/img_processor.py -> /home/rocotics/ros2_ws/src/robot_project/build/robot_project/build/lib/robot_project
[1.327s] copying robot_project/__init__.py -> /home/rocotics/ros2_ws/src/robot_project/build/robot_project/build/lib/robot_project
[1.327s] running install
[1.328s] running install_lib
[1.329s] creating /home/rocotics/ros2_ws/src/robot_project/install/robot_project/lib/python3.8/site-packages/robot_project
[1.331s] copying /home/rocotics/ros2_ws/src/robot_project/build/robot_project/build/lib/robot_project/send_single_joint_command.py -> /home/rocotics/ros2_ws/src/robot_project/install/robot_project/lib/python3.8/site-packages/robot_project
[1.331s] copying /home/rocotics/ros2_ws/src/robot_project/build/robot_project/build/lib/robot_project/img_processor.py -> /home/rocotics/ros2_ws/src/robot_project/install/robot_project/lib/python3.8/site-packages/robot_project
[1.332s] copying /home/rocotics/ros2_ws/src/robot_project/build/robot_project/build/lib/robot_project/__init__.py -> /home/rocotics/ros2_ws/src/robot_project/install/robot_project/lib/python3.8/site-packages/robot_project
[1.333s] byte-compiling /home/rocotics/ros2_ws/src/robot_project/install/robot_project/lib/python3.8/site-packages/robot_project/send_single_joint_command.py to send_single_joint_command.cpython-38.pyc
[1.334s] byte-compiling /home/rocotics/ros2_ws/src/robot_project/install/robot_project/lib/python3.8/site-packages/robot_project/img_processor.py to img_processor.cpython-38.pyc
[1.336s] byte-compiling /home/rocotics/ros2_ws/src/robot_project/install/robot_project/lib/python3.8/site-packages/robot_project/__init__.py to __init__.cpython-38.pyc
[1.336s] running install_data
[1.337s] creating /home/rocotics/ros2_ws/src/robot_project/install/robot_project/share/robot_project/launch
[1.337s] copying launch/robot_arm.launch.py -> /home/rocotics/ros2_ws/src/robot_project/install/robot_project/share/robot_project/launch
[1.337s] creating /home/rocotics/ros2_ws/src/robot_project/install/robot_project/share/robot_project/urdf
[1.337s] copying urdf/robot_arm.xacro -> /home/rocotics/ros2_ws/src/robot_project/install/robot_project/share/robot_project/urdf
[1.338s] creating /home/rocotics/ros2_ws/src/robot_project/install/robot_project/share/robot_project/config
[1.338s] copying config/gazebo_config.yaml -> /home/rocotics/ros2_ws/src/robot_project/install/robot_project/share/robot_project/config
[1.339s] running install_egg_info
[1.340s] Copying build/robot_project/robot_project.egg-info to /home/rocotics/ros2_ws/src/robot_project/install/robot_project/lib/python3.8/site-packages/robot_project-0.0.0-py3.8.egg-info
[1.342s] running install_scripts
[1.356s] Installing img_processor script to /home/rocotics/ros2_ws/src/robot_project/install/robot_project/lib/robot_project
[1.357s] writing list of installed files to '/home/rocotics/ros2_ws/src/robot_project/build/robot_project/install.log'
[1.385s] Invoked command in '/home/rocotics/ros2_ws/src/robot_project' returned '0': PYTHONPATH=/home/rocotics/ros2_ws/src/robot_project/build/robot_project/prefix_override:/home/rocotics/ros2_ws/src/robot_project/install/robot_project/lib/python3.8/site-packages:${PYTHONPATH} /usr/bin/python3 setup.py egg_info --egg-base build/robot_project build --build-base /home/rocotics/ros2_ws/src/robot_project/build/robot_project/build install --record /home/rocotics/ros2_ws/src/robot_project/build/robot_project/install.log --install-scripts $base/lib/robot_project --single-version-externally-managed
